E:\CODE\PROGRAM\ANALYZEH264\ANALYZEH264\DEBUG\ANALYZEH264.EXE.EMBED.MANIFEST
E:\CODE\PROGRAM\ANALYZEH264\ANALYZEH264\DEBUG\ANALYZEH264.EXE.EMBED.MANIFEST.RES
E:\CODE\PROGRAM\ANALYZEH264\ANALYZEH264\DEBUG\ANALYZEH264.EXE.INTERMEDIATE.MANIFEST
E:\CODE\PROGRAM\ANALYZEH264\ANALYZEH264\DEBUG\ANALYZEH264.OBJ
E:\CODE\PROGRAM\ANALYZEH264\ANALYZEH264\DEBUG\ANALYZEH264.PCH
E:\Code\Program\AnalyzeH264\AnalyzeH264\Debug\AnalyzeH264.vcxprojResolveAssemblyReference.cache
E:\Code\Program\AnalyzeH264\AnalyzeH264\Debug\AnalyzeH264.write.1.tlog
E:\Code\Program\AnalyzeH264\AnalyzeH264\Debug\AnalyzeH264_manifest.rc
E:\Code\Program\AnalyzeH264\AnalyzeH264\Debug\cl.command.1.tlog
E:\Code\Program\AnalyzeH264\AnalyzeH264\Debug\CL.read.1.tlog
E:\Code\Program\AnalyzeH264\AnalyzeH264\Debug\CL.write.1.tlog
E:\CODE\PROGRAM\ANALYZEH264\ANALYZEH264\DEBUG\DECODE.OBJ
E:\CODE\PROGRAM\ANALYZEH264\ANALYZEH264\DEBUG\HEADER.OBJ
E:\Code\Program\AnalyzeH264\AnalyzeH264\Debug\link.11796.read.1.tlog
E:\Code\Program\AnalyzeH264\AnalyzeH264\Debug\link.11796.write.1.tlog
E:\Code\Program\AnalyzeH264\AnalyzeH264\Debug\link.11796-cvtres.read.1.tlog
E:\Code\Program\AnalyzeH264\AnalyzeH264\Debug\link.11796-cvtres.write.1.tlog
E:\Code\Program\AnalyzeH264\AnalyzeH264\Debug\link.12128.read.1.tlog
E:\Code\Program\AnalyzeH264\AnalyzeH264\Debug\link.12128.write.1.tlog
E:\Code\Program\AnalyzeH264\AnalyzeH264\Debug\link.12128-cvtres.read.1.tlog
E:\Code\Program\AnalyzeH264\AnalyzeH264\Debug\link.12128-cvtres.write.1.tlog
E:\Code\Program\AnalyzeH264\AnalyzeH264\Debug\link.13076.read.1.tlog
E:\Code\Program\AnalyzeH264\AnalyzeH264\Debug\link.13076.write.1.tlog
E:\Code\Program\AnalyzeH264\AnalyzeH264\Debug\link.13076-cvtres.read.1.tlog
E:\Code\Program\AnalyzeH264\AnalyzeH264\Debug\link.13076-cvtres.write.1.tlog
E:\Code\Program\AnalyzeH264\AnalyzeH264\Debug\link.2884.read.1.tlog
E:\Code\Program\AnalyzeH264\AnalyzeH264\Debug\link.2884.write.1.tlog
E:\Code\Program\AnalyzeH264\AnalyzeH264\Debug\link.2884-cvtres.read.1.tlog
E:\Code\Program\AnalyzeH264\AnalyzeH264\Debug\link.2884-cvtres.write.1.tlog
E:\Code\Program\AnalyzeH264\AnalyzeH264\Debug\link.4336.read.1.tlog
E:\Code\Program\AnalyzeH264\AnalyzeH264\Debug\link.4336.write.1.tlog
E:\Code\Program\AnalyzeH264\AnalyzeH264\Debug\link.4336-cvtres.read.1.tlog
E:\Code\Program\AnalyzeH264\AnalyzeH264\Debug\link.4336-cvtres.write.1.tlog
E:\Code\Program\AnalyzeH264\AnalyzeH264\Debug\link.command.1.tlog
E:\Code\Program\AnalyzeH264\AnalyzeH264\Debug\link.read.1.tlog
E:\Code\Program\AnalyzeH264\AnalyzeH264\Debug\link.write.1.tlog
E:\Code\Program\AnalyzeH264\AnalyzeH264\Debug\link-cvtres.read.1.tlog
E:\Code\Program\AnalyzeH264\AnalyzeH264\Debug\link-cvtres.write.1.tlog
E:\Code\Program\AnalyzeH264\AnalyzeH264\Debug\mt.command.1.tlog
E:\Code\Program\AnalyzeH264\AnalyzeH264\Debug\mt.read.1.tlog
E:\Code\Program\AnalyzeH264\AnalyzeH264\Debug\mt.write.1.tlog
E:\CODE\PROGRAM\ANALYZEH264\ANALYZEH264\DEBUG\NALU.OBJ
E:\CODE\PROGRAM\ANALYZEH264\ANALYZEH264\DEBUG\PARSET.OBJ
E:\Code\Program\AnalyzeH264\AnalyzeH264\Debug\rc.command.1.tlog
E:\Code\Program\AnalyzeH264\AnalyzeH264\Debug\rc.read.1.tlog
E:\Code\Program\AnalyzeH264\AnalyzeH264\Debug\rc.write.1.tlog
E:\CODE\PROGRAM\ANALYZEH264\ANALYZEH264\DEBUG\SLICE.OBJ
E:\CODE\PROGRAM\ANALYZEH264\ANALYZEH264\DEBUG\STDAFX.OBJ
E:\CODE\PROGRAM\ANALYZEH264\ANALYZEH264\DEBUG\STREAM.OBJ
E:\Code\Program\AnalyzeH264\AnalyzeH264\Debug\vc100.idb
E:\CODE\PROGRAM\ANALYZEH264\ANALYZEH264\DEBUG\VC100.PDB
E:\CODE\PROGRAM\ANALYZEH264\DEBUG\ANALYZEH264.EXE
E:\CODE\PROGRAM\ANALYZEH264\DEBUG\ANALYZEH264.ILK
E:\CODE\PROGRAM\ANALYZEH264\DEBUG\ANALYZEH264.PDB
